<?xml version="1.0" encoding="UTF-8"?>
<testng-results ignored="0" total="1" passed="1" failed="0" skipped="0">
  <reporter-output>
  </reporter-output>
  <suite started-at="2024-04-09T05:55:50Z" name="Default suite" finished-at="2024-04-09T05:56:03Z" duration-ms="12742">
    <groups>
    </groups>
    <test started-at="2024-04-09T05:55:50Z" name="Default test" finished-at="2024-04-09T05:56:03Z" duration-ms="12742">
      <class name="pack1.basic">
        <test-method signature="test1()[pri:0, instance:pack1.basic@4a067c25]" started-at="2024-04-09T05:55:50Z" name="test1" finished-at="2024-04-09T05:56:03Z" duration-ms="12719" status="PASS">
          <reporter-output>
          </reporter-output>
        </test-method> <!-- test1 -->
      </class> <!-- pack1.basic -->
    </test> <!-- Default test -->
  </suite> <!-- Default suite -->
</testng-results>
